# JRE version: OpenJDK Runtime Environment (7.0_75-b13) (build 1.7.0_75-b13)
# Java VM: OpenJDK 64-Bit Server VM (24.75-b04 mixed mode linux-amd64 compressed oops)
Heap
 PSYoungGen      total 267776K, used 14915K [0x00000000eaa80000, 0x0000000100000000, 0x0000000100000000)
  eden space 200192K, 7% used [0x00000000eaa80000,0x00000000eb910d38,0x00000000f6e00000)
  from space 67584K, 0% used [0x00000000fbe00000,0x00000000fbe00000,0x0000000100000000)
  to   space 74752K, 0% used [0x00000000f6e00000,0x00000000f6e00000,0x00000000fb700000)
 ParOldGen       total 133632K, used 133609K [0x00000000c0000000, 0x00000000c8280000, 0x00000000eaa80000)
  object space 133632K, 99% used [0x00000000c0000000,0x00000000c827a6e8,0x00000000c8280000)
 PSPermGen       total 138240K, used 104282K [0x00000000b0000000, 0x00000000b8700000, 0x00000000c0000000)
  object space 138240K, 75% used [0x00000000b0000000,0x00000000b65d6868,0x00000000b8700000)
GC Heap History (10 events):
Event: 2507.759 GC heap after
Heap after GC invocations=25 (full 5):
 PSYoungGen      total 263680K, used 14898K [0x00000000eaa80000, 0x0000000100000000, 0x0000000100000000)
  eden space 219648K, 0% used [0x00000000eaa80000,0x00000000eaa80000,0x00000000f8100000)
  from space 44032K, 33% used [0x00000000fd500000,0x00000000fe38ca00,0x0000000100000000)
  to   space 65024K, 0% used [0x00000000f8100000,0x00000000f8100000,0x00000000fc080000)
 ParOldGen       total 78848K, used 78428K [0x00000000c0000000, 0x00000000c4d00000, 0x00000000eaa80000)
  object space 78848K, 99% used [0x00000000c0000000,0x00000000c4c97380,0x00000000c4d00000)
 PSPermGen       total 125952K, used 77588K [0x00000000b0000000, 0x00000000b7b00000, 0x00000000c0000000)
  object space 125952K, 61% used [0x00000000b0000000,0x00000000b4bc5390,0x00000000b7b00000)
}
Event: 2615.836 GC heap before
{Heap before GC invocations=26 (full 6):
 PSYoungGen      total 263680K, used 234546K [0x00000000eaa80000, 0x0000000100000000, 0x0000000100000000)
  eden space 219648K, 100% used [0x00000000eaa80000,0x00000000f8100000,0x00000000f8100000)
  from space 44032K, 33% used [0x00000000fd500000,0x00000000fe38ca00,0x0000000100000000)
  to   space 65024K, 0% used [0x00000000f8100000,0x00000000f8100000,0x00000000fc080000)
 ParOldGen       total 78848K, used 78428K [0x00000000c0000000, 0x00000000c4d00000, 0x00000000eaa80000)
  object space 78848K, 99% used [0x00000000c0000000,0x00000000c4c97380,0x00000000c4d00000)
 PSPermGen       total 125952K, used 84307K [0x00000000b0000000, 0x00000000b7b00000, 0x00000000c0000000)
  object space 125952K, 66% used [0x00000000b0000000,0x00000000b5254c58,0x00000000b7b00000)
Event: 2616.831 GC heap after
Heap after GC invocations=26 (full 6):
 PSYoungGen      total 263680K, used 29258K [0x00000000eaa80000, 0x0000000100000000, 0x0000000100000000)
  eden space 219648K, 13% used [0x00000000eaa80000,0x00000000ec7129d8,0x00000000f8100000)
  from space 44032K, 0% used [0x00000000fd500000,0x00000000fd500000,0x0000000100000000)
  to   space 65024K, 0% used [0x00000000f8100000,0x00000000f8100000,0x00000000fc080000)
 ParOldGen       total 133632K, used 78839K [0x00000000c0000000, 0x00000000c8280000, 0x00000000eaa80000)
  object space 133632K, 58% used [0x00000000c0000000,0x00000000c4cfdda0,0x00000000c8280000)
 PSPermGen       total 130048K, used 84268K [0x00000000b0000000, 0x00000000b7f00000, 0x00000000c0000000)
  object space 130048K, 64% used [0x00000000b0000000,0x00000000b524b1e8,0x00000000b7f00000)
}
Event: 2790.991 GC heap before
{Heap before GC invocations=27 (full 6):
 PSYoungGen      total 263680K, used 219648K [0x00000000eaa80000, 0x0000000100000000, 0x0000000100000000)
  eden space 219648K, 100% used [0x00000000eaa80000,0x00000000f8100000,0x00000000f8100000)
  from space 44032K, 0% used [0x00000000fd500000,0x00000000fd500000,0x0000000100000000)
  to   space 65024K, 0% used [0x00000000f8100000,0x00000000f8100000,0x00000000fc080000)
 ParOldGen       total 133632K, used 78839K [0x00000000c0000000, 0x00000000c8280000, 0x00000000eaa80000)
  object space 133632K, 58% used [0x00000000c0000000,0x00000000c4cfdda0,0x00000000c8280000)
 PSPermGen       total 130048K, used 90944K [0x00000000b0000000, 0x00000000b7f00000, 0x00000000c0000000)
  object space 130048K, 69% used [0x00000000b0000000,0x00000000b58d0228,0x00000000b7f00000)
Event: 2791.130 GC heap after
Heap after GC invocations=27 (full 6):
 PSYoungGen      total 262656K, used 42792K [0x00000000eaa80000, 0x0000000100000000, 0x0000000100000000)
  eden space 219648K, 0% used [0x00000000eaa80000,0x00000000eaa80000,0x00000000f8100000)
  from space 43008K, 99% used [0x00000000f8100000,0x00000000faaca080,0x00000000fab00000)
  to   space 67584K, 0% used [0x00000000fbe00000,0x00000000fbe00000,0x0000000100000000)
 ParOldGen       total 133632K, used 80451K [0x00000000c0000000, 0x00000000c8280000, 0x00000000eaa80000)
  object space 133632K, 60% used [0x00000000c0000000,0x00000000c4e90dd0,0x00000000c8280000)
 PSPermGen       total 130048K, used 90944K [0x00000000b0000000, 0x00000000b7f00000, 0x00000000c0000000)
  object space 130048K, 69% used [0x00000000b0000000,0x00000000b58d0228,0x00000000b7f00000)
}
Event: 2795.379 GC heap before
{Heap before GC invocations=28 (full 6):
 PSYoungGen      total 262656K, used 246195K [0x00000000eaa80000, 0x0000000100000000, 0x0000000100000000)
  eden space 219648K, 92% used [0x00000000eaa80000,0x00000000f7122f68,0x00000000f8100000)
  from space 43008K, 99% used [0x00000000f8100000,0x00000000faaca080,0x00000000fab00000)
  to   space 67584K, 0% used [0x00000000fbe00000,0x00000000fbe00000,0x0000000100000000)
 ParOldGen       total 133632K, used 80451K [0x00000000c0000000, 0x00000000c8280000, 0x00000000eaa80000)
  object space 133632K, 60% used [0x00000000c0000000,0x00000000c4e90dd0,0x00000000c8280000)
 PSPermGen       total 130048K, used 97732K [0x00000000b0000000, 0x00000000b7f00000, 0x00000000c0000000)
  object space 130048K, 75% used [0x00000000b0000000,0x00000000b5f71110,0x00000000b7f00000)
Event: 2795.479 GC heap after
Heap after GC invocations=28 (full 6):
 PSYoungGen      total 267776K, used 56805K [0x00000000eaa80000, 0x0000000100000000, 0x0000000100000000)
  eden space 200192K, 0% used [0x00000000eaa80000,0x00000000eaa80000,0x00000000f6e00000)
  from space 67584K, 84% used [0x00000000fbe00000,0x00000000ff5794c0,0x0000000100000000)
  to   space 74752K, 0% used [0x00000000f6e00000,0x00000000f6e00000,0x00000000fb700000)
 ParOldGen       total 133632K, used 80451K [0x00000000c0000000, 0x00000000c8280000, 0x00000000eaa80000)
  object space 133632K, 60% used [0x00000000c0000000,0x00000000c4e90dd0,0x00000000c8280000)
 PSPermGen       total 130048K, used 97732K [0x00000000b0000000, 0x00000000b7f00000, 0x00000000c0000000)
  object space 130048K, 75% used [0x00000000b0000000,0x00000000b5f71110,0x00000000b7f00000)
}
Event: 2795.479 GC heap before
{Heap before GC invocations=29 (full 7):
 PSYoungGen      total 267776K, used 56805K [0x00000000eaa80000, 0x0000000100000000, 0x0000000100000000)
  eden space 200192K, 0% used [0x00000000eaa80000,0x00000000eaa80000,0x00000000f6e00000)
  from space 67584K, 84% used [0x00000000fbe00000,0x00000000ff5794c0,0x0000000100000000)
  to   space 74752K, 0% used [0x00000000f6e00000,0x00000000f6e00000,0x00000000fb700000)
 ParOldGen       total 133632K, used 80451K [0x00000000c0000000, 0x00000000c8280000, 0x00000000eaa80000)
  object space 133632K, 60% used [0x00000000c0000000,0x00000000c4e90dd0,0x00000000c8280000)
 PSPermGen       total 130048K, used 97732K [0x00000000b0000000, 0x00000000b7f00000, 0x00000000c0000000)
  object space 130048K, 75% used [0x00000000b0000000,0x00000000b5f71110,0x00000000b7f00000)
Event: 2796.574 GC heap after
Heap after GC invocations=29 (full 7):
 PSYoungGen      total 267776K, used 0K [0x00000000eaa80000, 0x0000000100000000, 0x0000000100000000)
  eden space 200192K, 0% used [0x00000000eaa80000,0x00000000eaa80000,0x00000000f6e00000)
  from space 67584K, 0% used [0x00000000fbe00000,0x00000000fbe00000,0x0000000100000000)
  to   space 74752K, 0% used [0x00000000f6e00000,0x00000000f6e00000,0x00000000fb700000)
 ParOldGen       total 133632K, used 133010K [0x00000000c0000000, 0x00000000c8280000, 0x00000000eaa80000)
  object space 133632K, 99% used [0x00000000c0000000,0x00000000c81e4b10,0x00000000c8280000)
 PSPermGen       total 138240K, used 97655K [0x00000000b0000000, 0x00000000b8700000, 0x00000000c0000000)
  object space 138240K, 70% used [0x00000000b0000000,0x00000000b5f5dc30,0x00000000b8700000)
}
Event: 2879.509 GC heap before
{Heap before GC invocations=30 (full 8):
 PSYoungGen      total 267776K, used 200192K [0x00000000eaa80000, 0x0000000100000000, 0x0000000100000000)
  eden space 200192K, 100% used [0x00000000eaa80000,0x00000000f6e00000,0x00000000f6e00000)
  from space 67584K, 0% used [0x00000000fbe00000,0x00000000fbe00000,0x0000000100000000)
  to   space 74752K, 0% used [0x00000000f6e00000,0x00000000f6e00000,0x00000000fb700000)
 ParOldGen       total 133632K, used 133010K [0x00000000c0000000, 0x00000000c8280000, 0x00000000eaa80000)
  object space 133632K, 99% used [0x00000000c0000000,0x00000000c81e4b10,0x00000000c8280000)
 PSPermGen       total 138240K, used 104285K [0x00000000b0000000, 0x00000000b8700000, 0x00000000c0000000)
  object space 138240K, 75% used [0x00000000b0000000,0x00000000b65d7780,0x00000000b8700000)

